13:02:39.297 [main] INFO  MyLogger - CREATE_NOTEBOOK   is OK
13:02:39.298 [main] INFO  MyLogger - ADD_NOTE   is OK
13:02:39.301 [main] INFO  MyLogger - ADD_NOTE   is OK
13:02:39.311 [main] INFO  MyLogger - SHOW_NOTEBOOK   is OK
13:02:39.312 [main] INFO  MyLogger - SEARCH_BY_DATE   is OK
13:02:39.312 [main] INFO  MyLogger - SEARCH_BY_TEXT   is OK
13:02:39.340 [main] INFO  MyLogger - WRITE_FILE   is OK
13:02:39.340 [main] INFO  MyLogger - CREATE_NOTEBOOK   is OK
13:02:39.340 [main] INFO  MyLogger - ADD_NOTE   is OK
13:02:39.340 [main] INFO  MyLogger - SHOW_NOTEBOOK   is OK
13:02:39.342 [main] INFO  MyLogger - WRITE_FILE   is OK
13:02:39.346 [main] INFO  MyLogger - READ_FILE   is OK
13:02:39.362 [main] ERROR MyLogger - CommandException in Controller
MyException.CommandException: IllegalArgumentException - Invalid command
	at by.epam.mypackage.controller.CommandHelper.getCommand(CommandHelper.java:29) ~[NoteBook/:?]
	at by.epam.mypackage.controller.Controller.doAction(Controller.java:26) [NoteBook/:?]
	at by.epam.mypackage.start.Main.main(Main.java:131) [NoteBook/:?]
	at sun.reflect.NativeMethodAccessorImpl.invoke0(Native Method) ~[?:1.8.0_77]
	at sun.reflect.NativeMethodAccessorImpl.invoke(NativeMethodAccessorImpl.java:62) ~[?:1.8.0_77]
	at sun.reflect.DelegatingMethodAccessorImpl.invoke(DelegatingMethodAccessorImpl.java:43) ~[?:1.8.0_77]
	at java.lang.reflect.Method.invoke(Method.java:498) ~[?:1.8.0_77]
	at com.intellij.rt.execution.application.AppMain.main(AppMain.java:144) [idea_rt.jar:?]
13:02:39.364 [main] ERROR MyLogger - CommandException in Controller
MyException.CommandException: Date is wrong
	at by.epam.mypackage.command.impl.AddNoteCommand.execute(AddNoteCommand.java:27) ~[NoteBook/:?]
	at by.epam.mypackage.controller.Controller.doAction(Controller.java:27) [NoteBook/:?]
	at by.epam.mypackage.start.Main.main(Main.java:142) [NoteBook/:?]
	at sun.reflect.NativeMethodAccessorImpl.invoke0(Native Method) ~[?:1.8.0_77]
	at sun.reflect.NativeMethodAccessorImpl.invoke(NativeMethodAccessorImpl.java:62) ~[?:1.8.0_77]
	at sun.reflect.DelegatingMethodAccessorImpl.invoke(DelegatingMethodAccessorImpl.java:43) ~[?:1.8.0_77]
	at java.lang.reflect.Method.invoke(Method.java:498) ~[?:1.8.0_77]
	at com.intellij.rt.execution.application.AppMain.main(AppMain.java:144) [idea_rt.jar:?]
Caused by: java.text.ParseException: Unparseable date: "201676jj"
	at java.text.DateFormat.parse(DateFormat.java:366) ~[?:1.8.0_77]
	at by.epam.mypackage.command.impl.AddNoteCommand.execute(AddNoteCommand.java:25) ~[NoteBook/:?]
	... 7 more
12:11:42.518 [main] INFO  MyLogger - CREATE_NOTEBOOK   is OK
12:11:42.536 [main] INFO  MyLogger - ADD_NOTE   is OK
12:11:42.587 [main] INFO  MyLogger - ADD_NOTE   is OK
12:11:42.649 [main] INFO  MyLogger - SHOW_NOTEBOOK   is OK
12:11:42.649 [main] INFO  MyLogger - SEARCH_BY_DATE   is OK
12:11:42.650 [main] INFO  MyLogger - SEARCH_BY_TEXT   is OK
12:11:42.764 [main] INFO  MyLogger - WRITE_FILE   is OK
12:11:42.764 [main] INFO  MyLogger - CREATE_NOTEBOOK   is OK
12:11:42.764 [main] INFO  MyLogger - ADD_NOTE   is OK
12:11:42.765 [main] INFO  MyLogger - SHOW_NOTEBOOK   is OK
12:11:42.766 [main] INFO  MyLogger - WRITE_FILE   is OK
12:11:43.045 [main] INFO  MyLogger - READ_FILE   is OK
12:11:43.140 [main] ERROR MyLogger - CommandException in Controller
by.epam.mypackage.command.CommandException: IllegalArgumentException - Invalid command
	at by.epam.mypackage.controller.CommandHelper.getCommand(CommandHelper.java:29) ~[NoteBook/:?]
	at by.epam.mypackage.controller.Controller.doAction(Controller.java:26) [NoteBook/:?]
	at by.epam.mypackage.start.Main.main(Main.java:131) [NoteBook/:?]
	at sun.reflect.NativeMethodAccessorImpl.invoke0(Native Method) ~[?:1.8.0_77]
	at sun.reflect.NativeMethodAccessorImpl.invoke(NativeMethodAccessorImpl.java:62) ~[?:1.8.0_77]
	at sun.reflect.DelegatingMethodAccessorImpl.invoke(DelegatingMethodAccessorImpl.java:43) ~[?:1.8.0_77]
	at java.lang.reflect.Method.invoke(Method.java:498) ~[?:1.8.0_77]
	at com.intellij.rt.execution.application.AppMain.main(AppMain.java:144) [idea_rt.jar:?]
12:11:43.141 [main] ERROR MyLogger - CommandException in Controller
by.epam.mypackage.command.CommandException: Date is wrong
	at by.epam.mypackage.command.impl.AddNoteCommand.execute(AddNoteCommand.java:27) ~[NoteBook/:?]
	at by.epam.mypackage.controller.Controller.doAction(Controller.java:27) [NoteBook/:?]
	at by.epam.mypackage.start.Main.main(Main.java:142) [NoteBook/:?]
	at sun.reflect.NativeMethodAccessorImpl.invoke0(Native Method) ~[?:1.8.0_77]
	at sun.reflect.NativeMethodAccessorImpl.invoke(NativeMethodAccessorImpl.java:62) ~[?:1.8.0_77]
	at sun.reflect.DelegatingMethodAccessorImpl.invoke(DelegatingMethodAccessorImpl.java:43) ~[?:1.8.0_77]
	at java.lang.reflect.Method.invoke(Method.java:498) ~[?:1.8.0_77]
	at com.intellij.rt.execution.application.AppMain.main(AppMain.java:144) [idea_rt.jar:?]
Caused by: java.text.ParseException: Unparseable date: "201676jj"
	at java.text.DateFormat.parse(DateFormat.java:366) ~[?:1.8.0_77]
	at by.epam.mypackage.command.impl.AddNoteCommand.execute(AddNoteCommand.java:25) ~[NoteBook/:?]
	... 7 more
12:19:20.881 [main] INFO  MyLogger - CREATE_NOTEBOOK   is OK
12:19:20.883 [main] INFO  MyLogger - ADD_NOTE   is OK
12:19:20.886 [main] INFO  MyLogger - ADD_NOTE   is OK
12:19:20.899 [main] INFO  MyLogger - SHOW_NOTEBOOK   is OK
12:19:20.900 [main] INFO  MyLogger - SEARCH_BY_DATE   is OK
12:19:20.900 [main] INFO  MyLogger - SEARCH_BY_TEXT   is OK
12:19:20.928 [main] INFO  MyLogger - WRITE_FILE   is OK
12:19:20.928 [main] INFO  MyLogger - CREATE_NOTEBOOK   is OK
12:19:20.928 [main] INFO  MyLogger - ADD_NOTE   is OK
12:19:20.929 [main] INFO  MyLogger - SHOW_NOTEBOOK   is OK
12:19:20.930 [main] INFO  MyLogger - WRITE_FILE   is OK
12:19:20.933 [main] INFO  MyLogger - READ_FILE   is OK
12:19:20.952 [main] ERROR MyLogger - CommandException in Controller
by.epam.mypackage.command.CommandException: IllegalArgumentException - Invalid command
	at by.epam.mypackage.controller.CommandHelper.getCommand(CommandHelper.java:29) ~[NoteBook/:?]
	at by.epam.mypackage.controller.Controller.doAction(Controller.java:26) [NoteBook/:?]
	at by.epam.mypackage.start.Main.main(Main.java:131) [NoteBook/:?]
	at sun.reflect.NativeMethodAccessorImpl.invoke0(Native Method) ~[?:1.8.0_77]
	at sun.reflect.NativeMethodAccessorImpl.invoke(NativeMethodAccessorImpl.java:62) ~[?:1.8.0_77]
	at sun.reflect.DelegatingMethodAccessorImpl.invoke(DelegatingMethodAccessorImpl.java:43) ~[?:1.8.0_77]
	at java.lang.reflect.Method.invoke(Method.java:498) ~[?:1.8.0_77]
	at com.intellij.rt.execution.application.AppMain.main(AppMain.java:144) [idea_rt.jar:?]
12:19:20.954 [main] ERROR MyLogger - CommandException in Controller
by.epam.mypackage.command.CommandException: Date is wrong
	at by.epam.mypackage.command.impl.AddNoteCommand.execute(AddNoteCommand.java:27) ~[NoteBook/:?]
	at by.epam.mypackage.controller.Controller.doAction(Controller.java:27) [NoteBook/:?]
	at by.epam.mypackage.start.Main.main(Main.java:142) [NoteBook/:?]
	at sun.reflect.NativeMethodAccessorImpl.invoke0(Native Method) ~[?:1.8.0_77]
	at sun.reflect.NativeMethodAccessorImpl.invoke(NativeMethodAccessorImpl.java:62) ~[?:1.8.0_77]
	at sun.reflect.DelegatingMethodAccessorImpl.invoke(DelegatingMethodAccessorImpl.java:43) ~[?:1.8.0_77]
	at java.lang.reflect.Method.invoke(Method.java:498) ~[?:1.8.0_77]
	at com.intellij.rt.execution.application.AppMain.main(AppMain.java:144) [idea_rt.jar:?]
Caused by: java.text.ParseException: Unparseable date: "201676jj"
	at java.text.DateFormat.parse(DateFormat.java:366) ~[?:1.8.0_77]
	at by.epam.mypackage.command.impl.AddNoteCommand.execute(AddNoteCommand.java:25) ~[NoteBook/:?]
	... 7 more
12:42:41.501 [main] INFO  MyLogger - CREATE_NOTEBOOK   is OK
12:42:41.502 [main] INFO  MyLogger - ADD_NOTE   is OK
12:42:41.505 [main] INFO  MyLogger - ADD_NOTE   is OK
12:42:41.510 [main] INFO  MyLogger - SHOW_NOTEBOOK   is OK
12:42:41.511 [main] INFO  MyLogger - SEARCH_BY_DATE   is OK
12:42:41.511 [main] INFO  MyLogger - SEARCH_BY_TEXT   is OK
12:42:41.533 [main] INFO  MyLogger - WRITE_FILE   is OK
12:42:41.533 [main] INFO  MyLogger - CREATE_NOTEBOOK   is OK
12:42:41.534 [main] INFO  MyLogger - ADD_NOTE   is OK
12:42:41.534 [main] INFO  MyLogger - SHOW_NOTEBOOK   is OK
12:42:41.535 [main] INFO  MyLogger - WRITE_FILE   is OK
12:42:41.542 [main] INFO  MyLogger - READ_FILE   is OK
12:42:41.554 [main] ERROR MyLogger - CommandException in Controller
by.epam.mypackage.command.CommandException: IllegalArgumentException - Invalid command
	at by.epam.mypackage.controller.CommandHelper.getCommand(CommandHelper.java:29) ~[NoteBook/:?]
	at by.epam.mypackage.controller.Controller.doAction(Controller.java:26) [NoteBook/:?]
	at by.epam.mypackage.start.Main.main(Main.java:131) [NoteBook/:?]
	at sun.reflect.NativeMethodAccessorImpl.invoke0(Native Method) ~[?:1.8.0_77]
	at sun.reflect.NativeMethodAccessorImpl.invoke(NativeMethodAccessorImpl.java:62) ~[?:1.8.0_77]
	at sun.reflect.DelegatingMethodAccessorImpl.invoke(DelegatingMethodAccessorImpl.java:43) ~[?:1.8.0_77]
	at java.lang.reflect.Method.invoke(Method.java:498) ~[?:1.8.0_77]
	at com.intellij.rt.execution.application.AppMain.main(AppMain.java:144) [idea_rt.jar:?]
12:42:41.554 [main] ERROR MyLogger - CommandException in Controller
by.epam.mypackage.command.CommandException: Date is wrong
	at by.epam.mypackage.command.impl.AddNoteCommand.execute(AddNoteCommand.java:28) ~[NoteBook/:?]
	at by.epam.mypackage.controller.Controller.doAction(Controller.java:27) [NoteBook/:?]
	at by.epam.mypackage.start.Main.main(Main.java:142) [NoteBook/:?]
	at sun.reflect.NativeMethodAccessorImpl.invoke0(Native Method) ~[?:1.8.0_77]
	at sun.reflect.NativeMethodAccessorImpl.invoke(NativeMethodAccessorImpl.java:62) ~[?:1.8.0_77]
	at sun.reflect.DelegatingMethodAccessorImpl.invoke(DelegatingMethodAccessorImpl.java:43) ~[?:1.8.0_77]
	at java.lang.reflect.Method.invoke(Method.java:498) ~[?:1.8.0_77]
	at com.intellij.rt.execution.application.AppMain.main(AppMain.java:144) [idea_rt.jar:?]
Caused by: java.text.ParseException: Unparseable date: "201676jj"
	at java.text.DateFormat.parse(DateFormat.java:366) ~[?:1.8.0_77]
	at by.epam.mypackage.command.impl.AddNoteCommand.execute(AddNoteCommand.java:26) ~[NoteBook/:?]
	... 7 more
